info it worked if it ends with ok
verbose cli [ 'node', '/usr/local/bin/npm', 'link' ]
info using npm@1.1.4
info using node@v0.6.12
verbose config file /Users/primer/.npmrc
verbose config file /usr/local/etc/npmrc
verbose config file /usr/local/lib/node_modules/npm/npmrc
verbose caching /Users/primer/Documents/code/encoder/package.json
verbose loadDefaults encoder@0.0.2
verbose link: build target /usr/local/lib/node_modules/encoder
verbose install(where, what) [ '/Users/primer/Documents/code/encoder', [] ]
verbose from cache /Users/primer/Documents/code/encoder/package.json
verbose readDependencies: using package.json deps
verbose where, deps [ '/Users/primer/Documents/code/encoder',
verbose where, deps   [ 'cron',
verbose where, deps     'hiredis',
verbose where, deps     'mime',
verbose where, deps     'node-static',
verbose where, deps     'redis',
verbose where, deps     'formidable',
verbose where, deps     'nodemailer' ] ]
verbose from cache /Users/primer/Documents/code/encoder/package.json
info preinstall encoder@0.0.2
verbose caching /Users/primer/Documents/code/encoder/node_modules/cron/package.json
verbose caching /Users/primer/Documents/code/encoder/node_modules/formidable/package.json
verbose caching /Users/primer/Documents/code/encoder/node_modules/mime/package.json
verbose caching /Users/primer/Documents/code/encoder/node_modules/node-static/package.json
verbose caching /Users/primer/Documents/code/encoder/node_modules/redis/package.json
verbose caching /Users/primer/Documents/code/encoder/node_modules/nodemailer/package.json
verbose from cache /Users/primer/Documents/code/encoder/package.json
verbose readDependencies: using package.json deps
verbose from cache /Users/primer/Documents/code/encoder/node_modules/cron/package.json
verbose from cache /Users/primer/Documents/code/encoder/node_modules/formidable/package.json
verbose from cache /Users/primer/Documents/code/encoder/node_modules/mime/package.json
verbose from cache /Users/primer/Documents/code/encoder/node_modules/node-static/package.json
verbose from cache /Users/primer/Documents/code/encoder/node_modules/nodemailer/package.json
verbose from cache /Users/primer/Documents/code/encoder/node_modules/redis/package.json
verbose already installed in /Users/primer/Documents/code/encoder skipping cron@0.1.3
verbose cache add [ 'hiredis@0.1.13', null ]
silly cache add: name, spec, args [ undefined, 'hiredis@0.1.13', [ 'hiredis@0.1.13', null ] ]
verbose parsed url { pathname: 'hiredis@0.1.13',
verbose parsed url   path: 'hiredis@0.1.13',
verbose parsed url   href: 'hiredis@0.1.13' }
silly cache add: name, spec, args [ 'hiredis', '0.1.13', [ 'hiredis', '0.1.13' ] ]
verbose parsed url { pathname: '0.1.13', path: '0.1.13', href: '0.1.13' }
verbose addNamed [ 'hiredis', '0.1.13' ]
verbose addNamed [ '0.1.13', '0.1.13' ]
verbose already installed in /Users/primer/Documents/code/encoder skipping mime@1.2.4
verbose already installed in /Users/primer/Documents/code/encoder skipping node-static@0.5.9
verbose already installed in /Users/primer/Documents/code/encoder skipping redis@0.7.1
verbose already installed in /Users/primer/Documents/code/encoder skipping formidable@1.0.8
verbose already installed in /Users/primer/Documents/code/encoder skipping nodemailer@0.2.4
verbose raw, before any munging hiredis/0.1.13
verbose url resolving [ 'https://registry.npmjs.org/', './hiredis/0.1.13' ]
verbose url resolved https://registry.npmjs.org/hiredis/0.1.13
verbose etag "7E36EG3JNZC0OM41WCJTWZFRA"
http GET https://registry.npmjs.org/hiredis/0.1.13
http 304 https://registry.npmjs.org/hiredis/0.1.13
silly get cb [ 304,
silly get cb   { server: 'CouchDB/1.2.0 (Erlang OTP/R15B)',
silly get cb     etag: '"7E36EG3JNZC0OM41WCJTWZFRA"',
silly get cb     date: 'Wed, 07 Mar 2012 03:48:05 GMT',
silly get cb     'content-length': '0' } ]
verbose etag hiredis/0.1.13 from cache
verbose bin dist [ '0.6-ares1.7.5-DEV-evundefined-openssl0.9.8r-v83.6.6.24-darwin-x64-11.3.0',
verbose bin dist   { shasum: 'a704d37f61bbedb628bfdb672aa1375e4975a8f0',
verbose bin dist     tarball: 'http://registry.npmjs.org/hiredis/-/hiredis-0.1.13.tgz' } ]
verbose has wscript [ undefined,
verbose has wscript   { file: '/Users/primer/.npm/hiredis/0.1.13/package/package.json',
verbose has wscript     contributors: false,
verbose has wscript     serverjs: false,
verbose has wscript     wscript: true } ]
verbose caching /Users/primer/.npm/hiredis/0.1.13/package/package.json
verbose loadDefaults hiredis@0.1.13
silly resolved [ { name: 'hiredis',
silly resolved     description: 'Wrapper for reply processing code in hiredis',
silly resolved     version: '0.1.13',
silly resolved     homepage: 'http://github.com/pietern/hiredis-node',
silly resolved     author: { name: 'Pieter Noordhuis', email: 'pcnoordhuis@gmail.com' },
silly resolved     main: 'hiredis',
silly resolved     directories: { lib: '.' },
silly resolved     scripts: { preinstall: 'make || gmake', test: 'node test/reader.js' },
silly resolved     engines: { node: '*' },
silly resolved     _id: 'hiredis@0.1.13',
silly resolved     dependencies: {},
silly resolved     devDependencies: {},
silly resolved     optionalDependencies: {},
silly resolved     _engineSupported: true,
silly resolved     _npmVersion: '1.1.4',
silly resolved     _nodeVersion: 'v0.6.12',
silly resolved     _defaultsLoaded: true,
silly resolved     _from: 'hiredis@0.1.13' } ]
info into /Users/primer/Documents/code/encoder hiredis@0.1.13
info installOne hiredis@0.1.13
verbose from cache /Users/primer/.npm/hiredis/0.1.13/package/package.json
info unbuild /Users/primer/Documents/code/encoder/node_modules/hiredis
verbose mkdir (expected) error ENOENT, no such file or directory '/Users/primer/Documents/code/encoder/node_modules/___hiredis.npm'
verbose mkdir done: /Users/primer/Documents/code/encoder/node_modules/___hiredis.npm 755
verbose unpack_ uid, gid [ 501, 20 ]
verbose unpackTarget /Users/primer/Documents/code/encoder/node_modules/hiredis
silly gunzTarPerm modes [ '755', '644' ]
silly afterUntar ok
silly asyncMap in gTP /Users/primer/Documents/code/encoder/node_modules/___hiredis.npm/package
silly asyncMap in gTP /Users/primer/Documents/code/encoder/node_modules/___hiredis.npm/package/bench.js
silly asyncMap in gTP /Users/primer/Documents/code/encoder/node_modules/___hiredis.npm/package/hiredis.cc
silly asyncMap in gTP /Users/primer/Documents/code/encoder/node_modules/___hiredis.npm/package/hiredis.js
silly asyncMap in gTP /Users/primer/Documents/code/encoder/node_modules/___hiredis.npm/package/Makefile
silly asyncMap in gTP /Users/primer/Documents/code/encoder/node_modules/___hiredis.npm/package/package.json
silly asyncMap in gTP /Users/primer/Documents/code/encoder/node_modules/___hiredis.npm/package/parser_bench.js
silly asyncMap in gTP /Users/primer/Documents/code/encoder/node_modules/___hiredis.npm/package/reader.cc
silly asyncMap in gTP /Users/primer/Documents/code/encoder/node_modules/___hiredis.npm/package/reader.h
silly asyncMap in gTP /Users/primer/Documents/code/encoder/node_modules/___hiredis.npm/package/README
silly asyncMap in gTP /Users/primer/Documents/code/encoder/node_modules/___hiredis.npm/package/wscript
silly asyncMap in gTP /Users/primer/Documents/code/encoder/node_modules/___hiredis.npm/package/test
silly asyncMap in gTP /Users/primer/Documents/code/encoder/node_modules/___hiredis.npm/package/test/reader.js
silly asyncMap in gTP /Users/primer/Documents/code/encoder/node_modules/___hiredis.npm/package/deps
silly asyncMap in gTP /Users/primer/Documents/code/encoder/node_modules/___hiredis.npm/package/deps/hiredis
silly asyncMap in gTP /Users/primer/Documents/code/encoder/node_modules/___hiredis.npm/package/deps/hiredis/async.c
silly asyncMap in gTP /Users/primer/Documents/code/encoder/node_modules/___hiredis.npm/package/deps/hiredis/async.h
silly asyncMap in gTP /Users/primer/Documents/code/encoder/node_modules/___hiredis.npm/package/deps/hiredis/CHANGELOG.md
silly asyncMap in gTP /Users/primer/Documents/code/encoder/node_modules/___hiredis.npm/package/deps/hiredis/COPYING
silly asyncMap in gTP /Users/primer/Documents/code/encoder/node_modules/___hiredis.npm/package/deps/hiredis/dict.c
silly asyncMap in gTP /Users/primer/Documents/code/encoder/node_modules/___hiredis.npm/package/deps/hiredis/dict.h
silly asyncMap in gTP /Users/primer/Documents/code/encoder/node_modules/___hiredis.npm/package/deps/hiredis/example-ae.c
silly asyncMap in gTP /Users/primer/Documents/code/encoder/node_modules/___hiredis.npm/package/deps/hiredis/example-libev.c
silly asyncMap in gTP /Users/primer/Documents/code/encoder/node_modules/___hiredis.npm/package/deps/hiredis/example-libevent.c
silly asyncMap in gTP /Users/primer/Documents/code/encoder/node_modules/___hiredis.npm/package/deps/hiredis/example.c
silly asyncMap in gTP /Users/primer/Documents/code/encoder/node_modules/___hiredis.npm/package/deps/hiredis/fmacros.h
silly asyncMap in gTP /Users/primer/Documents/code/encoder/node_modules/___hiredis.npm/package/deps/hiredis/hiredis.c
silly asyncMap in gTP /Users/primer/Documents/code/encoder/node_modules/___hiredis.npm/package/deps/hiredis/hiredis.h
silly asyncMap in gTP /Users/primer/Documents/code/encoder/node_modules/___hiredis.npm/package/deps/hiredis/Makefile
silly asyncMap in gTP /Users/primer/Documents/code/encoder/node_modules/___hiredis.npm/package/deps/hiredis/net.c
silly asyncMap in gTP /Users/primer/Documents/code/encoder/node_modules/___hiredis.npm/package/deps/hiredis/net.h
silly asyncMap in gTP /Users/primer/Documents/code/encoder/node_modules/___hiredis.npm/package/deps/hiredis/README.md
silly asyncMap in gTP /Users/primer/Documents/code/encoder/node_modules/___hiredis.npm/package/deps/hiredis/sds.c
silly asyncMap in gTP /Users/primer/Documents/code/encoder/node_modules/___hiredis.npm/package/deps/hiredis/sds.h
silly asyncMap in gTP /Users/primer/Documents/code/encoder/node_modules/___hiredis.npm/package/deps/hiredis/test.c
silly asyncMap in gTP /Users/primer/Documents/code/encoder/node_modules/___hiredis.npm/package/deps/hiredis/adapters
silly asyncMap in gTP /Users/primer/Documents/code/encoder/node_modules/___hiredis.npm/package/deps/hiredis/adapters/ae.h
silly asyncMap in gTP /Users/primer/Documents/code/encoder/node_modules/___hiredis.npm/package/deps/hiredis/adapters/libev.h
silly asyncMap in gTP /Users/primer/Documents/code/encoder/node_modules/___hiredis.npm/package/deps/hiredis/adapters/libevent.h
verbose gunzed /Users/primer/Documents/code/encoder/node_modules/___hiredis.npm/package
verbose rm'ed /Users/primer/Documents/code/encoder/node_modules/hiredis
verbose renamed [ '/Users/primer/Documents/code/encoder/node_modules/___hiredis.npm/package',
verbose renamed   '/Users/primer/Documents/code/encoder/node_modules/hiredis' ]
verbose has wscript [ undefined,
verbose has wscript   { file: '/Users/primer/Documents/code/encoder/node_modules/hiredis/package.json',
verbose has wscript     contributors: false,
verbose has wscript     serverjs: false,
verbose has wscript     wscript: true } ]
verbose caching /Users/primer/Documents/code/encoder/node_modules/hiredis/package.json
verbose loadDefaults hiredis@0.1.13
info preinstall hiredis@0.1.13
verbose unsafe-perm in lifecycle false
verbose Setting uid from 0 501
verbose stack at uid setting Error
verbose stack at uid setting     at exec (/usr/local/lib/node_modules/npm/lib/utils/exec.js:35:17)
verbose stack at uid setting     at Array.0 (/usr/local/lib/node_modules/npm/lib/utils/lifecycle.js:141:5)
verbose stack at uid setting     at EventEmitter._tickCallback (node.js:192:40)
silly exec sh "-c" "make || gmake"
silly spawning [ 'sh',
silly spawning   [ '-c', 'make || gmake' ],
silly spawning   '/Users/primer/Documents/code/encoder/node_modules/hiredis' ]
info hiredis@0.1.13 Failed to exec preinstall script
ERR! error installing hiredis@0.1.13
info unbuild /Users/primer/Documents/code/encoder/node_modules/hiredis
verbose from cache /Users/primer/Documents/code/encoder/node_modules/hiredis/package.json
info preuninstall hiredis@0.1.13
info uninstall hiredis@0.1.13
verbose unbuild hiredis@0.1.13 [ true,
verbose unbuild hiredis@0.1.13   '/Users/primer/Documents/code/encoder/node_modules',
verbose unbuild hiredis@0.1.13   '/Users/primer/Documents/code/encoder/node_modules' ]
info postuninstall hiredis@0.1.13
verbose installOne cb hiredis@0.1.13
ERR! hiredis@0.1.13 preinstall: `make || gmake`
ERR! `sh "-c" "make || gmake"` failed with 127
ERR! 
ERR! Failed at the hiredis@0.1.13 preinstall script.
ERR! This is most likely a problem with the hiredis package,
ERR! not with npm itself.
ERR! Tell the author that this fails on your system:
ERR!     make || gmake
ERR! You can get their info via:
ERR!     npm owner ls hiredis
ERR! There is likely additional logging output above.
ERR! 
ERR! System Darwin 11.3.0
ERR! command "node" "/usr/local/bin/npm" "link"
ERR! cwd /Users/primer/Documents/code/encoder
ERR! node -v v0.6.12
ERR! npm -v 1.1.4
ERR! code ELIFECYCLE
ERR! message hiredis@0.1.13 preinstall: `make || gmake`
ERR! message `sh "-c" "make || gmake"` failed with 127
ERR! errno {}
verbose exit [ 1, true ]
